2022-09-12 07:31:57.527  INFO 13028 --- [main] f.s.A.AvatarGameBootApplication          : Starting AvatarGameBootApplication using Java 17.0.3 on PCFixe-Toul with PID 13028 (C:\Travail\GitKraken\formation_sopra\projet\AvatarGame\AvatarGameBoot\target\classes started by PC_fixe in C:\Travail\GitKraken\formation_sopra\projet\AvatarGame\AvatarGameBoot)
2022-09-12 07:31:57.531  INFO 13028 --- [main] f.s.A.AvatarGameBootApplication          : No active profile set, falling back to 1 default profile: "default"
2022-09-12 07:31:57.930  INFO 13028 --- [main] .s.d.r.c.RepositoryConfigurationDelegate : Bootstrapping Spring Data JPA repositories in DEFAULT mode.
2022-09-12 07:31:57.985  INFO 13028 --- [main] .s.d.r.c.RepositoryConfigurationDelegate : Finished Spring Data repository scanning in 48 ms. Found 4 JPA repository interfaces.
2022-09-12 07:31:58.377  INFO 13028 --- [main] o.s.b.w.embedded.tomcat.TomcatWebServer  : Tomcat initialized with port(s): 8080 (http)
2022-09-12 07:31:58.385  INFO 13028 --- [main] o.apache.catalina.core.StandardService   : Starting service [Tomcat]
2022-09-12 07:31:58.385  INFO 13028 --- [main] org.apache.catalina.core.StandardEngine  : Starting Servlet engine: [Apache Tomcat/9.0.65]
2022-09-12 07:31:58.559  INFO 13028 --- [main] org.apache.jasper.servlet.TldScanner     : At least one JAR was scanned for TLDs yet contained no TLDs. Enable debug logging for this logger for a complete list of JARs that were scanned but no TLDs were found in them. Skipping unneeded JARs during scanning can improve startup time and JSP compilation time.
2022-09-12 07:31:58.567  INFO 13028 --- [main] o.a.c.c.C.[.[localhost].[/avatar]        : Initializing Spring embedded WebApplicationContext
2022-09-12 07:31:58.567  INFO 13028 --- [main] w.s.c.ServletWebServerApplicationContext : Root WebApplicationContext: initialization completed in 1009 ms
2022-09-12 07:31:58.651  INFO 13028 --- [main] o.hibernate.jpa.internal.util.LogHelper  : HHH000204: Processing PersistenceUnitInfo [name: default]
2022-09-12 07:31:58.683  INFO 13028 --- [main] org.hibernate.Version                    : HHH000412: Hibernate ORM core version 5.6.10.Final
2022-09-12 07:31:58.782  INFO 13028 --- [main] o.hibernate.annotations.common.Version   : HCANN000001: Hibernate Commons Annotations {5.1.2.Final}
2022-09-12 07:31:58.844  INFO 13028 --- [main] com.zaxxer.hikari.HikariDataSource       : HikariPool-1 - Starting...
2022-09-12 07:31:58.959  INFO 13028 --- [main] com.zaxxer.hikari.HikariDataSource       : HikariPool-1 - Start completed.
2022-09-12 07:31:58.970  INFO 13028 --- [main] org.hibernate.dialect.Dialect            : HHH000400: Using dialect: org.hibernate.dialect.PostgreSQL10Dialect
2022-09-12 07:31:59.603  INFO 13028 --- [main] o.h.e.t.j.p.i.JtaPlatformInitiator       : HHH000490: Using JtaPlatform implementation: [org.hibernate.engine.transaction.jta.platform.internal.NoJtaPlatform]
2022-09-12 07:31:59.660  INFO 13028 --- [main] j.LocalContainerEntityManagerFactoryBean : Initialized JPA EntityManagerFactory for persistence unit 'default'
2022-09-12 07:32:00.018  INFO 13028 --- [main] o.s.s.web.DefaultSecurityFilterChain     : Will secure Ant [pattern='/api/**'] with [org.springframework.security.web.session.DisableEncodeUrlFilter@526f8cb0, org.springframework.security.web.context.request.async.WebAsyncManagerIntegrationFilter@45494046, org.springframework.security.web.context.SecurityContextPersistenceFilter@28941a68, org.springframework.security.web.header.HeaderWriterFilter@99af41d, org.springframework.security.web.authentication.logout.LogoutFilter@2396408a, org.springframework.security.web.authentication.www.BasicAuthenticationFilter@6b8f87dc, org.springframework.security.web.savedrequest.RequestCacheAwareFilter@24fc9aa5, org.springframework.security.web.servletapi.SecurityContextHolderAwareRequestFilter@7369208e, org.springframework.security.web.authentication.AnonymousAuthenticationFilter@530d40b4, org.springframework.security.web.session.SessionManagementFilter@10f384a2, org.springframework.security.web.access.ExceptionTranslationFilter@1c97c3bb, org.springframework.security.web.access.intercept.FilterSecurityInterceptor@527d1fe1]
2022-09-12 07:32:00.035  WARN 13028 --- [main] JpaBaseConfiguration$JpaWebConfiguration : spring.jpa.open-in-view is enabled by default. Therefore, database queries may be performed during view rendering. Explicitly configure spring.jpa.open-in-view to disable this warning
2022-09-12 07:32:00.241  INFO 13028 --- [main] o.s.b.w.embedded.tomcat.TomcatWebServer  : Tomcat started on port(s): 8080 (http) with context path '/avatar'
2022-09-12 07:32:00.248  INFO 13028 --- [main] f.s.A.AvatarGameBootApplication          : Started AvatarGameBootApplication in 3.036 seconds (JVM running for 3.537)
2022-09-12 07:32:28.751  INFO 13028 --- [http-nio-8080-exec-1] o.a.c.c.C.[.[localhost].[/avatar]        : Initializing Spring DispatcherServlet 'dispatcherServlet'
2022-09-12 07:32:28.751  INFO 13028 --- [http-nio-8080-exec-1] o.s.web.servlet.DispatcherServlet        : Initializing Servlet 'dispatcherServlet'
2022-09-12 07:32:28.752  INFO 13028 --- [http-nio-8080-exec-1] o.s.web.servlet.DispatcherServlet        : Completed initialization in 1 ms
2022-09-12 07:32:28.932  INFO 13028 --- [http-nio-8080-exec-2] f.s.A.r.UtilisateurRestController        : user
2022-09-12 08:58:24.718  INFO 13028 --- [http-nio-8080-exec-8] f.s.A.r.UtilisateurRestController        : user
2022-09-12 09:39:49.158  INFO 13028 --- [http-nio-8080-exec-4] f.s.A.r.UtilisateurRestController        : user
2022-09-12 09:45:56.635  INFO 13028 --- [http-nio-8080-exec-6] f.s.A.r.UtilisateurRestController        : user
2022-09-12 09:48:26.727  INFO 13028 --- [http-nio-8080-exec-8] f.s.A.r.UtilisateurRestController        : user
2022-09-12 09:49:17.988  INFO 13028 --- [http-nio-8080-exec-10] f.s.A.r.UtilisateurRestController        : user
2022-09-12 09:52:22.033  INFO 13028 --- [http-nio-8080-exec-2] f.s.A.r.UtilisateurRestController        : user
2022-09-12 10:13:29.281  INFO 13028 --- [http-nio-8080-exec-6] f.s.A.r.UtilisateurRestController        : user
2022-09-12 10:17:35.699  INFO 13028 --- [http-nio-8080-exec-9] f.s.A.r.UtilisateurRestController        : user
2022-09-12 10:22:27.637  INFO 13028 --- [http-nio-8080-exec-2] f.s.A.r.UtilisateurRestController        : user
